<?xml version="1.0" encoding="UTF-8"?>
<!-- Generated by org.testng.reporters.JUnitReportReporter -->
<testsuite hostname="DESKTOP-CVB3FM0" failures="1" tests="1" name="cucumberTestRunner.FailedScenariosTestRunner" time="16.945" errors="0" timestamp="2024-07-04T14:08:56 EDT" skipped="0">
  <testcase classname="cucumberTestRunner.FailedScenariosTestRunner" name="runScenario" time="16.945">
    <failure message="expected [No data] but found [Brocolli]" type="java.lang.AssertionError">
      <![CDATA[java.lang.AssertionError: expected [No data] but found [Brocolli]
at org.testng.Assert.fail(Assert.java:110)
at org.testng.Assert.failNotEquals(Assert.java:1413)
at org.testng.Assert.assertEqualsImpl(Assert.java:149)
at org.testng.Assert.assertEquals(Assert.java:131)
at org.testng.Assert.assertEquals(Assert.java:655)
at org.testng.Assert.assertEquals(Assert.java:665)
at stepDefinitions.OfferPageStepDefinition.validate_product_name_matches_with_offer_page_and_landing_page(OfferPageStepDefinition.java:76)
at âœ½.validate product name matches with offer page and landing page(file:///C:/Users/Admin/eclipse-workspace/cucumberProject/src/test/java/features/searchProduct.feature:8)
]]>
    </failure>
  </testcase> <!-- runScenario -->
  <system-out/>
</testsuite> <!-- cucumberTestRunner.FailedScenariosTestRunner -->
